SF:lib/src/services/wg_app_flow_validator.dart
DA:6,1
DA:42,3
DA:44,0
DA:45,0
DA:46,0
DA:47,0
DA:48,0
DA:49,0
DA:50,0
DA:51,0
DA:52,0
DA:53,0
DA:54,0
DA:55,0
DA:56,0
DA:57,0
DA:58,0
DA:59,0
DA:60,0
DA:61,0
DA:67,3
DA:68,3
DA:71,3
DA:72,3
DA:74,1
DA:79,1
DA:80,2
DA:81,1
DA:82,1
DA:83,2
DA:84,1
DA:85,1
DA:87,1
DA:89,1
DA:91,2
DA:105,3
DA:106,1
DA:109,1
DA:110,2
DA:112,2
DA:114,1
DA:115,2
DA:118,1
DA:119,1
DA:120,2
DA:123,1
DA:124,1
DA:125,2
DA:128,1
DA:129,2
DA:132,1
DA:133,2
DA:140,1
DA:141,1
DA:145,1
DA:146,1
DA:150,2
DA:153,1
DA:155,1
DA:156,0
DA:157,0
DA:162,1
DA:163,1
DA:165,1
DA:166,0
DA:169,0
DA:174,1
DA:177,1
DA:182,0
DA:187,0
DA:190,1
DA:193,1
DA:198,1
DA:203,1
DA:208,1
DA:213,1
DA:218,0
DA:221,1
DA:236,1
DA:237,1
DA:241,3
DA:243,1
DA:244,1
DA:245,1
DA:248,1
DA:249,2
LF:86
LH:61
end_of_record
SF:lib/src/services/vpn_transport_handoff.dart
DA:8,1
DA:9,2
DA:10,2
DA:19,1
DA:24,5
DA:26,0
DA:28,0
DA:32,2
DA:56,1
DA:57,1
DA:58,1
DA:60,1
DA:61,1
DA:62,2
DA:63,1
DA:64,1
DA:66,1
DA:67,1
DA:68,2
DA:69,2
DA:70,2
DA:71,2
DA:72,1
DA:80,2
DA:87,2
DA:88,2
DA:90,1
DA:94,1
DA:101,2
DA:102,2
DA:109,3
DA:110,3
DA:114,1
DA:135,2
DA:137,0
DA:138,0
DA:139,0
DA:140,0
DA:141,0
DA:142,0
DA:143,0
DA:144,0
DA:145,0
DA:148,0
DA:149,0
DA:152,0
DA:153,0
DA:156,0
DA:157,0
DA:160,1
DA:169,1
DA:170,1
DA:171,2
DA:175,1
DA:176,1
DA:179,1
DA:182,3
DA:186,1
DA:193,0
DA:194,1
DA:195,1
DA:198,1
DA:204,2
DA:206,1
DA:208,1
DA:210,1
DA:213,1
DA:214,1
DA:215,1
DA:222,1
DA:229,2
DA:230,1
DA:231,2
DA:232,2
DA:233,1
DA:234,1
DA:235,1
DA:236,1
DA:237,1
DA:238,1
DA:242,1
DA:244,1
DA:249,1
DA:252,1
DA:253,1
DA:254,1
DA:260,1
DA:264,1
DA:265,1
DA:266,1
DA:268,1
DA:269,1
DA:270,1
DA:274,1
DA:277,1
DA:281,1
DA:282,1
DA:283,1
DA:291,1
DA:294,1
DA:295,1
DA:299,1
DA:301,1
DA:302,2
DA:305,1
DA:306,1
DA:307,1
DA:311,1
DA:313,1
DA:314,1
DA:322,2
DA:323,1
DA:324,2
DA:325,2
DA:328,1
DA:329,1
DA:330,1
DA:331,1
DA:332,1
DA:333,1
DA:334,1
DA:335,0
DA:338,1
DA:340,1
DA:341,3
DA:352,1
DA:354,1
DA:355,1
DA:356,1
DA:360,1
DA:361,1
DA:362,1
DA:365,1
DA:369,1
DA:372,1
DA:378,1
DA:379,1
DA:385,2
DA:386,4
DA:387,4
DA:388,4
DA:392,1
DA:398,1
DA:402,3
DA:408,1
LF:145
LH:126
end_of_record
SF:lib/src/services/transport_models.dart
DA:12,2
DA:13,4
DA:14,4
DA:34,2
DA:35,4
DA:36,4
DA:45,2
DA:59,4
DA:60,6
DA:61,6
DA:62,6
DA:63,6
DA:64,6
DA:67,2
DA:68,2
DA:69,2
DA:72,2
DA:73,2
DA:78,2
DA:79,2
DA:80,2
DA:81,2
DA:82,2
DA:83,4
DA:89,3
DA:107,3
DA:121,3
LF:27
LH:27
end_of_record
SF:lib/src/services/connection_manager.dart
DA:14,1
DA:28,1
DA:29,1
DA:30,1
DA:31,2
DA:32,1
DA:33,2
DA:34,1
DA:38,2
DA:39,1
DA:40,1
DA:41,1
DA:42,1
DA:43,1
DA:48,2
DA:94,2
DA:98,2
DA:99,2
DA:100,2
DA:101,2
DA:102,2
DA:104,2
DA:105,4
DA:106,4
DA:107,4
DA:110,4
DA:111,4
DA:112,4
DA:113,4
DA:114,4
DA:115,4
DA:116,4
DA:117,4
DA:118,4
DA:119,4
DA:120,2
DA:121,2
DA:122,2
DA:124,2
DA:125,2
DA:126,2
DA:128,2
DA:129,2
DA:130,2
DA:132,4
DA:133,4
DA:135,4
DA:139,1
DA:140,1
DA:141,1
DA:142,1
DA:147,1
DA:148,1
DA:149,1
DA:150,2
DA:152,1
DA:153,5
DA:155,1
DA:156,1
DA:159,1
DA:160,1
DA:161,2
DA:162,1
DA:163,1
DA:164,2
DA:165,1
DA:166,2
DA:167,1
DA:168,1
DA:169,1
DA:170,4
DA:171,2
DA:173,1
DA:174,2
DA:175,1
DA:176,2
DA:177,2
DA:178,1
DA:179,1
DA:180,1
DA:181,1
DA:182,1
DA:184,2
DA:189,2
DA:195,2
DA:196,2
DA:199,2
DA:201,2
DA:204,2
DA:206,2
DA:214,2
DA:217,2
DA:218,2
DA:224,2
DA:228,2
DA:231,2
DA:235,2
DA:237,2
DA:238,4
DA:239,8
DA:240,2
DA:244,2
DA:245,2
DA:248,14
DA:252,2
DA:253,2
DA:254,2
DA:257,2
DA:275,0
DA:276,0
DA:277,0
DA:286,1
DA:332,2
DA:358,2
DA:359,2
DA:360,2
DA:361,2
DA:362,2
DA:363,2
DA:364,2
DA:365,2
DA:367,1
DA:379,0
DA:380,0
DA:381,0
DA:382,0
DA:383,0
DA:384,1
DA:385,1
DA:386,1
DA:388,1
DA:389,1
DA:391,1
DA:393,1
DA:394,1
DA:395,1
DA:396,1
DA:397,1
DA:398,1
DA:399,1
DA:400,1
DA:401,1
DA:403,2
DA:404,1
DA:410,1
DA:412,2
DA:414,3
DA:415,2
DA:417,0
DA:420,1
DA:421,3
DA:422,1
DA:423,1
DA:424,1
DA:428,0
DA:429,0
DA:430,0
DA:431,0
DA:432,0
DA:435,0
DA:436,0
DA:442,0
DA:448,0
DA:450,0
DA:451,0
DA:454,0
DA:455,0
DA:456,0
DA:457,0
DA:458,0
DA:459,0
DA:460,0
DA:461,0
DA:462,0
DA:463,0
DA:464,0
DA:465,0
DA:466,0
DA:467,0
DA:468,0
DA:469,0
DA:471,0
DA:472,0
DA:473,0
DA:476,0
DA:477,0
DA:479,0
DA:481,0
DA:484,0
DA:485,0
DA:487,0
DA:488,0
DA:489,0
DA:493,0
DA:494,0
DA:495,0
DA:499,1
DA:503,1
DA:504,2
DA:510,2
DA:511,1
DA:512,1
DA:513,1
DA:514,1
DA:516,1
DA:517,1
DA:518,4
DA:523,2
DA:525,1
DA:527,2
DA:528,2
DA:529,0
DA:530,0
DA:532,0
DA:533,0
DA:534,0
DA:535,0
DA:538,2
DA:540,1
DA:541,1
DA:542,5
DA:543,1
DA:544,2
DA:545,3
DA:546,2
DA:549,1
DA:550,1
DA:551,1
DA:553,1
DA:554,1
DA:555,5
DA:558,2
DA:559,2
DA:560,4
DA:564,1
DA:565,1
DA:566,0
DA:568,0
DA:569,0
DA:570,0
DA:572,0
DA:575,1
DA:576,1
DA:579,1
DA:580,1
DA:582,1
DA:583,1
DA:587,1
DA:588,1
DA:592,0
DA:595,1
DA:596,2
DA:602,1
DA:603,1
DA:607,0
DA:609,0
DA:612,0
DA:613,0
DA:616,0
DA:618,0
DA:623,0
DA:626,0
DA:627,0
DA:630,0
DA:632,0
DA:633,0
DA:634,0
DA:635,0
DA:637,0
DA:640,0
DA:642,0
DA:645,0
DA:646,0
DA:651,1
DA:652,1
DA:656,0
DA:659,0
DA:660,0
DA:661,0
DA:662,0
DA:663,0
DA:666,0
DA:667,0
DA:670,1
DA:671,1
DA:675,0
DA:679,1
DA:685,2
DA:686,1
DA:687,1
DA:688,1
DA:689,0
DA:690,1
DA:691,0
DA:692,0
DA:693,1
DA:698,1
DA:704,2
DA:705,1
DA:706,1
DA:707,1
DA:708,0
DA:709,1
DA:710,0
DA:711,0
DA:712,1
DA:716,1
DA:719,2
DA:721,1
DA:722,1
DA:723,4
DA:725,1
DA:726,2
DA:728,1
DA:729,1
DA:730,4
DA:732,1
DA:734,1
DA:740,2
DA:741,1
DA:743,1
DA:744,2
DA:745,0
DA:746,0
DA:747,0
DA:749,0
DA:750,0
DA:751,0
DA:752,0
DA:754,0
DA:760,2
DA:762,1
DA:763,1
DA:764,4
DA:767,1
DA:775,0
DA:776,0
DA:779,0
DA:781,0
DA:782,0
DA:783,0
DA:785,0
DA:787,0
DA:788,0
DA:791,1
DA:792,1
DA:795,0
DA:796,0
DA:797,0
DA:800,0
DA:804,0
DA:805,0
DA:807,0
DA:808,0
DA:809,0
DA:810,0
DA:811,0
DA:815,0
DA:818,1
DA:819,1
DA:820,1
DA:821,1
DA:822,1
DA:823,1
DA:824,1
DA:825,1
DA:827,2
DA:831,1
DA:832,2
DA:835,0
DA:836,0
DA:839,1
DA:840,2
DA:843,0
DA:844,0
DA:847,0
DA:848,0
DA:852,0
DA:853,0
DA:854,0
DA:855,0
DA:858,0
DA:859,0
DA:860,0
DA:861,0
DA:864,0
DA:865,0
DA:868,0
DA:869,0
DA:870,0
DA:871,0
DA:872,0
DA:873,0
DA:874,0
DA:875,0
DA:876,0
DA:877,0
DA:878,0
DA:879,0
DA:883,0
DA:884,0
DA:885,0
DA:886,0
DA:887,0
DA:891,0
DA:892,0
DA:895,0
DA:896,0
DA:897,0
DA:899,0
DA:901,0
DA:904,0
DA:907,0
DA:908,0
DA:909,0
DA:910,0
DA:912,0
DA:916,0
DA:917,0
DA:918,0
DA:921,0
DA:922,0
DA:923,0
DA:926,0
DA:927,0
DA:928,0
DA:929,0
DA:930,0
DA:931,0
DA:937,0
DA:941,0
DA:942,0
DA:943,0
DA:944,0
DA:948,0
DA:949,0
DA:950,0
DA:951,0
DA:952,0
DA:956,0
DA:957,0
DA:958,0
DA:959,0
DA:963,0
DA:964,0
DA:965,0
DA:966,0
DA:970,0
DA:971,0
DA:972,0
DA:973,0
DA:974,0
DA:976,0
DA:977,0
DA:978,0
DA:982,0
DA:983,0
DA:984,0
DA:990,0
DA:991,0
DA:992,0
DA:993,0
DA:996,0
DA:997,0
DA:1001,0
DA:1002,0
DA:1003,0
DA:1004,0
DA:1009,1
DA:1010,1
DA:1011,1
DA:1014,0
DA:1015,0
DA:1016,0
DA:1020,0
DA:1021,0
DA:1022,0
DA:1023,0
DA:1024,0
DA:1027,0
DA:1028,0
DA:1031,0
DA:1032,0
DA:1033,0
DA:1036,0
DA:1038,0
DA:1039,0
DA:1040,0
DA:1041,0
DA:1044,0
DA:1045,0
DA:1046,0
DA:1048,0
DA:1051,0
DA:1052,0
DA:1053,0
DA:1055,0
DA:1056,0
DA:1058,0
DA:1059,0
DA:1064,0
DA:1065,0
DA:1066,0
DA:1069,0
DA:1070,0
DA:1071,0
DA:1072,0
DA:1077,0
DA:1082,0
DA:1084,0
DA:1085,0
DA:1086,0
DA:1087,0
DA:1088,0
DA:1089,0
DA:1092,0
DA:1093,0
DA:1096,0
DA:1097,0
DA:1098,0
DA:1100,0
DA:1101,0
DA:1102,0
DA:1105,0
DA:1106,0
DA:1107,0
DA:1110,0
DA:1111,0
DA:1114,0
DA:1116,0
DA:1117,0
DA:1120,0
DA:1122,0
DA:1123,0
DA:1126,0
DA:1127,0
DA:1128,0
DA:1134,0
DA:1135,0
DA:1136,0
DA:1137,0
DA:1138,0
DA:1139,0
DA:1146,1
DA:1147,1
DA:1148,2
DA:1149,1
DA:1154,0
DA:1155,0
DA:1156,0
DA:1158,0
DA:1159,0
DA:1161,0
DA:1164,0
DA:1165,0
DA:1166,0
DA:1167,0
DA:1169,0
DA:1170,0
DA:1172,0
DA:1173,0
DA:1175,0
DA:1176,0
DA:1177,0
DA:1178,0
DA:1180,0
DA:1181,0
DA:1182,0
DA:1183,0
DA:1186,0
DA:1187,0
LF:571
LH:252
end_of_record
SF:lib/src/services/transport_orchestrator.dart
DA:7,2
DA:21,2
DA:25,2
DA:29,4
DA:30,2
DA:32,8
DA:33,2
DA:37,10
DA:38,2
DA:39,2
DA:41,2
DA:42,2
DA:44,4
DA:45,5
DA:47,2
DA:48,5
DA:55,1
DA:56,1
DA:57,3
DA:62,2
DA:63,2
DA:65,12
DA:67,5
DA:72,2
DA:73,4
DA:77,2
DA:78,5
DA:79,4
DA:80,10
LF:29
LH:29
end_of_record
SF:lib/src/services/transport_telemetry.dart
DA:8,2
DA:14,1
DA:15,1
DA:16,4
DA:20,2
DA:33,2
DA:34,2
DA:35,4
DA:36,8
DA:37,4
DA:38,2
DA:39,2
DA:40,1
DA:41,1
DA:42,2
DA:43,1
DA:44,1
DA:45,4
DA:46,2
DA:49,4
DA:50,8
DA:51,6
DA:54,8
DA:57,1
DA:58,2
DA:61,1
DA:62,2
DA:63,2
DA:66,1
DA:67,2
DA:68,1
DA:71,1
DA:74,1
DA:75,5
DA:76,1
LF:35
LH:35
end_of_record
SF:lib/src/services/launch_connection_policy.dart
DA:2,1
DA:11,1
DA:34,2
DA:40,2
DA:52,2
DA:65,1
DA:73,1
DA:80,1
LF:8
LH:8
end_of_record
SF:lib/src/services/vpn_service.dart
DA:6,0
DA:7,0
DA:8,0
DA:19,1
DA:20,2
DA:21,2
DA:33,1
DA:34,2
DA:35,2
DA:43,1
DA:85,2
DA:86,2
DA:87,2
DA:88,3
DA:89,2
DA:90,2
DA:91,2
DA:92,3
DA:93,2
DA:94,2
DA:95,3
DA:96,3
DA:97,3
DA:98,2
DA:99,2
DA:100,2
DA:101,2
DA:102,2
DA:103,2
DA:104,4
DA:113,1
DA:121,1
DA:125,1
DA:127,1
DA:170,2
DA:171,2
DA:172,2
DA:173,2
DA:174,2
DA:175,2
DA:176,2
DA:177,2
DA:178,2
DA:179,2
DA:180,2
DA:181,2
DA:182,2
DA:183,1
DA:184,1
DA:185,2
DA:186,2
DA:187,2
DA:188,2
DA:189,2
DA:190,2
DA:191,2
DA:192,2
DA:193,2
DA:194,2
DA:195,1
DA:196,1
DA:197,2
DA:198,2
DA:199,2
DA:200,2
DA:201,3
DA:202,1
DA:203,4
DA:205,1
DA:206,1
DA:209,1
DA:210,3
DA:211,1
DA:212,1
DA:213,1
DA:214,1
DA:215,1
DA:216,1
DA:217,1
DA:218,1
DA:219,1
DA:220,1
DA:221,1
DA:222,1
DA:223,1
DA:224,1
DA:225,1
DA:226,1
DA:227,1
DA:228,1
DA:229,1
DA:230,1
DA:231,1
DA:232,1
DA:233,1
DA:234,1
DA:235,1
DA:236,1
DA:237,1
DA:238,1
DA:239,1
DA:240,1
DA:241,1
DA:244,1
DA:245,1
DA:248,1
DA:249,1
DA:250,1
DA:251,1
DA:252,1
DA:255,1
DA:256,1
DA:259,1
DA:260,1
DA:261,1
DA:262,1
DA:263,1
DA:264,1
DA:265,1
DA:266,1
DA:267,1
DA:268,1
DA:269,1
DA:270,1
DA:271,1
DA:272,1
DA:273,1
DA:274,1
DA:275,1
DA:276,1
DA:277,1
DA:278,1
DA:279,1
DA:280,1
DA:281,1
DA:282,1
DA:283,1
DA:284,1
DA:285,1
DA:286,1
DA:287,1
DA:288,1
DA:289,1
DA:290,1
DA:294,1
DA:295,1
DA:298,0
DA:299,0
DA:300,0
DA:301,0
DA:304,0
DA:305,0
DA:306,0
DA:307,0
DA:308,0
DA:311,0
DA:314,1
DA:318,2
DA:320,3
DA:321,1
DA:325,1
DA:326,1
DA:327,1
DA:332,1
DA:333,2
DA:334,1
DA:336,2
DA:337,2
DA:338,3
DA:339,3
DA:340,3
DA:341,3
DA:342,3
DA:343,3
DA:344,3
DA:345,3
DA:346,3
DA:347,1
DA:348,1
DA:349,1
DA:350,3
DA:351,1
DA:353,1
DA:354,1
DA:355,1
DA:356,3
DA:357,1
DA:359,1
DA:360,2
DA:361,3
DA:362,3
DA:364,2
DA:365,2
DA:366,2
DA:367,1
DA:368,2
DA:369,3
DA:370,3
DA:371,1
DA:372,2
DA:373,1
DA:374,2
DA:375,1
DA:376,2
DA:377,2
DA:378,2
DA:379,2
DA:380,4
DA:381,1
DA:382,1
DA:383,2
DA:384,1
DA:387,1
DA:391,1
DA:392,1
DA:396,1
DA:400,1
DA:402,0
DA:403,0
DA:408,1
DA:409,1
DA:413,1
DA:414,3
DA:415,2
DA:416,2
DA:417,2
DA:418,1
DA:419,1
DA:420,1
DA:421,1
DA:422,1
DA:423,1
DA:424,1
DA:425,1
DA:426,1
DA:427,1
DA:428,1
DA:429,1
DA:430,1
DA:431,1
DA:432,1
DA:433,1
DA:434,1
DA:435,1
DA:436,1
DA:437,1
DA:438,1
DA:439,1
DA:440,1
DA:441,1
DA:442,1
DA:444,2
DA:445,1
DA:446,1
DA:447,1
DA:448,1
DA:449,1
DA:450,1
DA:451,2
DA:452,1
DA:458,1
DA:459,1
DA:463,1
DA:464,1
DA:465,1
DA:466,1
DA:468,1
DA:469,1
DA:470,1
DA:471,2
DA:472,1
DA:477,1
DA:478,2
DA:479,0
DA:483,1
DA:484,2
DA:485,1
DA:490,1
DA:491,1
DA:494,1
DA:495,1
DA:496,1
DA:501,1
DA:502,1
DA:503,1
DA:506,1
DA:508,1
DA:509,1
DA:510,1
LF:289
LH:273
end_of_record
SF:lib/src/services/device_name_policy.dart
DA:3,1
DA:4,1
DA:5,1
DA:11,1
DA:12,1
DA:15,1
DA:19,1
DA:20,1
DA:35,1
DA:38,1
DA:39,1
LF:11
LH:11
end_of_record
SF:lib/src/services/transport_rollout.dart
DA:20,1
DA:21,1
DA:24,1
DA:30,1
DA:34,0
DA:35,0
DA:38,0
DA:41,0
DA:44,1
DA:47,1
DA:49,1
DA:51,1
DA:53,1
DA:55,1
DA:60,0
DA:61,0
DA:65,0
DA:66,0
DA:67,0
DA:69,0
LF:20
LH:10
end_of_record
SF:lib/src/services/launch_trace_service.dart
DA:6,3
DA:8,1
DA:9,2
DA:10,2
DA:11,2
DA:12,1
DA:16,1
DA:17,2
DA:19,2
DA:20,1
DA:21,1
DA:22,2
DA:23,0
DA:25,1
DA:26,1
DA:30,1
DA:31,4
DA:34,1
DA:37,3
DA:38,1
DA:39,1
DA:41,1
LF:22
LH:21
end_of_record
